<?xml version="1.0" encoding="UTF-8"?>
<!-- Generated by org.testng.reporters.JUnitXMLReporter -->
<testsuite hostname="jonesa" name="Command line test" tests="2" failures="0" timestamp="23 Jan 2014 00:04:01 GMT" time="14.241" errors="0">
  <testcase name="googleCheeseExample" time="11.705" classname="com.bristen.basecrm.Tests.Selenium2ExampleST"/>
  <testcase name="googleMilkExample" time="2.491" classname="com.bristen.basecrm.Tests.Selenium2ExampleST"/>
</testsuite> <!-- Command line test -->
