<?xml version="1.0" encoding="UTF-8"?>
<testng-results skipped="0" failed="0" total="2" passed="2">
  <reporter-output>
  </reporter-output>
  <suite name="Command line suite" duration-ms="14241" started-at="2014-01-23T00:03:47Z" finished-at="2014-01-23T00:04:01Z">
    <groups>
    </groups>
    <test name="Command line test" duration-ms="14241" started-at="2014-01-23T00:03:47Z" finished-at="2014-01-23T00:04:01Z">
      <class name="com.bristen.basecrm.Tests.Selenium2ExampleST">
        <test-method status="PASS" signature="setUpTest()[pri:0, instance:com.bristen.basecrm.Tests.Selenium2ExampleST@39b5bd69]" name="setUpTest" is-config="true" duration-ms="12" started-at="2014-01-23T01:03:47Z" finished-at="2014-01-23T01:03:47Z">
          <reporter-output>
          </reporter-output>
        </test-method> <!-- setUpTest -->
        <test-method status="PASS" signature="googleCheeseExample()[pri:0, instance:com.bristen.basecrm.Tests.Selenium2ExampleST@39b5bd69]" name="googleCheeseExample" duration-ms="11705" started-at="2014-01-23T01:03:47Z" finished-at="2014-01-23T01:03:59Z">
          <reporter-output>
          </reporter-output>
        </test-method> <!-- googleCheeseExample -->
        <test-method status="PASS" signature="clearCookies()[pri:0, instance:com.bristen.basecrm.Tests.Selenium2ExampleST@39b5bd69]" name="clearCookies" is-config="true" duration-ms="14" started-at="2014-01-23T01:03:59Z" finished-at="2014-01-23T01:03:59Z">
          <reporter-output>
          </reporter-output>
        </test-method> <!-- clearCookies -->
        <test-method status="PASS" signature="googleMilkExample()[pri:0, instance:com.bristen.basecrm.Tests.Selenium2ExampleST@39b5bd69]" name="googleMilkExample" duration-ms="2491" started-at="2014-01-23T01:03:59Z" finished-at="2014-01-23T01:04:01Z">
          <reporter-output>
          </reporter-output>
        </test-method> <!-- googleMilkExample -->
        <test-method status="PASS" signature="clearCookies()[pri:0, instance:com.bristen.basecrm.Tests.Selenium2ExampleST@39b5bd69]" name="clearCookies" is-config="true" duration-ms="9" started-at="2014-01-23T01:04:01Z" finished-at="2014-01-23T01:04:01Z">
          <reporter-output>
          </reporter-output>
        </test-method> <!-- clearCookies -->
        <test-method status="PASS" signature="tearDown()[pri:0, instance:com.bristen.basecrm.Tests.Selenium2ExampleST@39b5bd69]" name="tearDown" is-config="true" duration-ms="250" started-at="2014-01-23T01:04:01Z" finished-at="2014-01-23T01:04:02Z">
          <reporter-output>
          </reporter-output>
        </test-method> <!-- tearDown -->
      </class> <!-- com.bristen.basecrm.Tests.Selenium2ExampleST -->
    </test> <!-- Command line test -->
  </suite> <!-- Command line suite -->
</testng-results>
