<?xml version="1.0" encoding="UTF-8"?>
<testng-results skipped="0" failed="0" total="1" passed="1">
  <reporter-output>
  </reporter-output>
  <suite name="Default suite" duration-ms="39276" started-at="2014-01-24T02:01:53Z" finished-at="2014-01-24T02:02:33Z">
    <groups>
    </groups>
    <test name="Default test" duration-ms="39276" started-at="2014-01-24T02:01:53Z" finished-at="2014-01-24T02:02:33Z">
      <class name="com.bristen.basecrm.Tests.Selenium2ExampleST">
        <test-method status="PASS" signature="getBaseSampleTest()[pri:0, instance:com.bristen.basecrm.Tests.Selenium2ExampleST@2147545b]" name="getBaseSampleTest" duration-ms="39257" started-at="2014-01-24T03:01:53Z" finished-at="2014-01-24T03:02:33Z">
          <reporter-output>
          </reporter-output>
        </test-method> <!-- getBaseSampleTest -->
      </class> <!-- com.bristen.basecrm.Tests.Selenium2ExampleST -->
    </test> <!-- Default test -->
  </suite> <!-- Default suite -->
</testng-results>
